[debug] [2020-04-06T20:56:12.853Z] ----------------------------------------------------------------------
[debug] [2020-04-06T20:56:12.855Z] Command:       /Users/dcmckay04/homebrew/Cellar/node/13.8.0/bin/node /Users/dcmckay04/homebrew/bin/firebase init
[debug] [2020-04-06T20:56:12.856Z] CLI Version:   8.0.0
[debug] [2020-04-06T20:56:12.856Z] Platform:      darwin
[debug] [2020-04-06T20:56:12.856Z] Node Version:  v13.8.0
[debug] [2020-04-06T20:56:12.857Z] Time:          Mon Apr 06 2020 14:56:12 GMT-0600 (Mountain Daylight Time)
[debug] [2020-04-06T20:56:12.857Z] ----------------------------------------------------------------------
[debug] [2020-04-06T20:56:12.858Z] 
[debug] [2020-04-06T20:56:12.866Z] > command requires scopes: ["email","openid","https://www.googleapis.com/auth/cloudplatformprojects.readonly","https://www.googleapis.com/auth/firebase","https://www.googleapis.com/auth/cloud-platform"]
[debug] [2020-04-06T20:56:12.867Z] > authorizing via signed-in user
[info] 
     ######## #### ########  ######## ########     ###     ######  ########
     ##        ##  ##     ## ##       ##     ##  ##   ##  ##       ##
     ######    ##  ########  ######   ########  #########  ######  ######
     ##        ##  ##    ##  ##       ##     ## ##     ##       ## ##
     ##       #### ##     ## ######## ########  ##     ##  ######  ########

You're about to initialize a Firebase project in this directory:

  /Users/dcmckay04/Desktop/WebDev/Portfolio/portfolio

[info] 
=== Project Setup
[info] 
[info] First, let's associate this project directory with a Firebase project.
[info] You can create multiple project aliases by running firebase use --add, 
[info] but for now we'll just set up a default project.
[info] 
[info] i  If you want to create a project in a Google Cloud organization or folder, please use "firebase projects:create" instead, and return to this command when you've created the project.
